<?xml version="1.0" encoding="utf-8"?><testsuites name="pytest tests"><testsuite name="pytest" errors="0" failures="0" skipped="0" tests="17" time="85.423" timestamp="2026-07-15T23:53:35.528610+00:00" hostname="agent-env-9bbb4daf-faea-466c-8f41-046df45688f2"><testcase classname="test_security_fixes.TestSEC001EmailLeak" name="test_register_returns_own_email" time="0.537" /><testcase classname="test_security_fixes.TestSEC001EmailLeak" name="test_login_returns_own_email" time="0.660" /><testcase classname="test_security_fixes.TestSEC001EmailLeak" name="test_me_returns_own_email" time="0.051" /><testcase classname="test_security_fixes.TestSEC001EmailLeak" name="test_put_users_me_returns_own_email" time="0.047" /><testcase classname="test_security_fixes.TestSEC001EmailLeak" name="test_get_user_other_hides_email" time="0.376" /><testcase classname="test_security_fixes.TestSEC001EmailLeak" name="test_get_user_self_shows_email" time="0.055" /><testcase classname="test_security_fixes.TestSEC001EmailLeak" name="test_discover_no_email_on_cards" time="0.290" /><testcase classname="test_security_fixes.TestSEC001EmailLeak" name="test_matches_no_email_on_other_user" time="0.170" /><testcase classname="test_security_fixes.TestSEC001EmailLeak" name="test_swipe_match_response_hides_email" time="0.744" /><testcase classname="test_security_fixes.TestSEC002MediaLimits" name="test_post_with_small_image_ok" time="7.565" /><testcase classname="test_security_fixes.TestSEC002MediaLimits" name="test_post_with_large_image_413" time="0.167" /><testcase classname="test_security_fixes.TestSEC002MediaLimits" name="test_put_photos_seven_rejected_400" time="0.051" /><testcase classname="test_security_fixes.TestSEC002MediaLimits" name="test_put_photos_six_ok" time="0.049" /><testcase classname="test_security_fixes.TestSEC002MediaLimits" name="test_put_photos_one_large_413" time="0.070" /><testcase classname="test_security_fixes.TestSEC002MediaLimits" name="test_put_photos_remote_url_ok" time="0.048" /><testcase classname="test_security_fixes.TestSEC003ModerationRateLimit" name="test_rate_limit_triggers_on_21st_post" time="37.074" /><testcase classname="test_security_fixes.TestSEC003ModerationRateLimit" name="test_rate_limit_message_is_turkish" time="37.439" /></testsuite></testsuites>