<?xml version="1.0" encoding="utf-8"?><testsuites name="pytest tests"><testsuite name="pytest" errors="0" failures="0" skipped="0" tests="37" time="30.204" timestamp="2026-07-15T23:39:17.007400+00:00" hostname="agent-env-9bbb4daf-faea-466c-8f41-046df45688f2"><testcase classname="test_vibepulse_backend.TestAuth" name="test_register_new_user" time="0.465" /><testcase classname="test_vibepulse_backend.TestAuth" name="test_register_duplicate_email_returns_409" time="0.364" /><testcase classname="test_vibepulse_backend.TestAuth" name="test_login_success" time="0.270" /><testcase classname="test_vibepulse_backend.TestAuth" name="test_login_invalid_password_401" time="0.266" /><testcase classname="test_vibepulse_backend.TestAuth" name="test_login_unknown_email_401" time="0.048" /><testcase classname="test_vibepulse_backend.TestAuth" name="test_me_with_token" time="0.045" /><testcase classname="test_vibepulse_backend.TestAuth" name="test_me_without_token_401" time="0.111" /><testcase classname="test_vibepulse_backend.TestAuth" name="test_me_invalid_token_401" time="0.097" /><testcase classname="test_vibepulse_backend.TestProfile" name="test_update_profile_fields" time="2.977" /><testcase classname="test_vibepulse_backend.TestProfile" name="test_get_public_user_with_top_post" time="3.478" /><testcase classname="test_vibepulse_backend.TestProfile" name="test_get_unknown_user_404" time="0.045" /><testcase classname="test_vibepulse_backend.TestPosts" name="test_create_post_valid" time="1.957" /><testcase classname="test_vibepulse_backend.TestPosts" name="test_create_post_too_long_rejected" time="0.045" /><testcase classname="test_vibepulse_backend.TestPosts" name="test_create_post_empty_rejected" time="0.045" /><testcase classname="test_vibepulse_backend.TestPosts" name="test_feed_hydrated" time="2.112" /><testcase classname="test_vibepulse_backend.TestPosts" name="test_like_toggle" time="1.320" /><testcase classname="test_vibepulse_backend.TestPosts" name="test_like_nonexistent_post_404" time="0.046" /><testcase classname="test_vibepulse_backend.TestPosts" name="test_comments_flow" time="4.149" /><testcase classname="test_vibepulse_backend.TestPosts" name="test_comment_on_nonexistent_post_404" time="0.045" /><testcase classname="test_vibepulse_backend.TestPosts" name="test_user_posts" time="1.464" /><testcase classname="test_vibepulse_backend.TestDiscover" name="test_discover_excludes_self" time="0.681" /><testcase classname="test_vibepulse_backend.TestDiscover" name="test_discover_excludes_swiped" time="0.401" /><testcase classname="test_vibepulse_backend.TestSwipesAndMatch" name="test_cannot_swipe_self" time="0.085" /><testcase classname="test_vibepulse_backend.TestSwipesAndMatch" name="test_swipe_nonexistent_target_404" time="0.046" /><testcase classname="test_vibepulse_backend.TestSwipesAndMatch" name="test_duplicate_swipe_upsert" time="0.412" /><testcase classname="test_vibepulse_backend.TestSwipesAndMatch" name="test_mutual_like_creates_match" time="1.222" /><testcase classname="test_vibepulse_backend.TestMatchesList" name="test_list_matches_contains_new_match" time="0.112" /><testcase classname="test_vibepulse_backend.TestChat" name="test_send_and_receive_message" time="5.301" /><testcase classname="test_vibepulse_backend.TestChat" name="test_stranger_cannot_access_match_404" time="0.197" /><testcase classname="test_vibepulse_backend.TestAuthGuards" name="test_protected_endpoint_401_without_token[get-/auth/me]" time="0.110" /><testcase classname="test_vibepulse_backend.TestAuthGuards" name="test_protected_endpoint_401_without_token[put-/users/me]" time="0.106" /><testcase classname="test_vibepulse_backend.TestAuthGuards" name="test_protected_endpoint_401_without_token[get-/posts/feed]" time="0.099" /><testcase classname="test_vibepulse_backend.TestAuthGuards" name="test_protected_endpoint_401_without_token[post-/posts]" time="0.112" /><testcase classname="test_vibepulse_backend.TestAuthGuards" name="test_protected_endpoint_401_without_token[get-/discover]" time="0.109" /><testcase classname="test_vibepulse_backend.TestAuthGuards" name="test_protected_endpoint_401_without_token[post-/swipes]" time="0.099" /><testcase classname="test_vibepulse_backend.TestAuthGuards" name="test_protected_endpoint_401_without_token[get-/matches]" time="0.107" /><testcase classname="test_vibepulse_backend.TestModeration" name="test_profane_post_allowed_or_rejected" time="1.586" /></testsuite></testsuites>